{"C:\\Users\\Андрей\\Desktop\\project_new\\models\\Product.js": {"path":"C:\\Users\\Андрей\\Desktop\\project_new\\models\\Product.js","statementMap":{"0":{"start":{"line":1,"column":17},"end":{"line":1,"column":36}},"1":{"start":{"line":3,"column":22},"end":{"line":20,"column":2}},"2":{"start":{"line":23,"column":0},"end":{"line":23,"column":50}},"3":{"start":{"line":25,"column":16},"end":{"line":25,"column":56}},"4":{"start":{"line":26,"column":0},"end":{"line":26,"column":25}}},"fnMap":{},"branchMap":{},"s":{"0":1,"1":1,"2":1,"3":1,"4":1},"f":{},"b":{},"_coverageSchema":"1a1c01bbd47fc00a2c39e90264f33305004495a9","hash":"1e1b5dbd72d6ede320f9038b17643a2927bf6854"}
,"C:\\Users\\Андрей\\Desktop\\project_new\\models\\User.js": {"path":"C:\\Users\\Андрей\\Desktop\\project_new\\models\\User.js","statementMap":{"0":{"start":{"line":1,"column":17},"end":{"line":1,"column":36}},"1":{"start":{"line":3,"column":19},"end":{"line":23,"column":2}},"2":{"start":{"line":25,"column":0},"end":{"line":25,"column":52}}},"fnMap":{},"branchMap":{},"s":{"0":1,"1":1,"2":1},"f":{},"b":{},"_coverageSchema":"1a1c01bbd47fc00a2c39e90264f33305004495a9","hash":"1c4e21f3e02e8d0faa7c4850fb198ba6411665d3"}
,"C:\\Users\\Андрей\\Desktop\\project_new\\services\\productService.js": {"path":"C:\\Users\\Андрей\\Desktop\\project_new\\services\\productService.js","statementMap":{"0":{"start":{"line":1,"column":16},"end":{"line":1,"column":44}},"1":{"start":{"line":13,"column":35},"end":{"line":13,"column":46}},"2":{"start":{"line":15,"column":4},"end":{"line":19,"column":5}},"3":{"start":{"line":16,"column":22},"end":{"line":16,"column":99}},"4":{"start":{"line":17,"column":8},"end":{"line":17,"column":31}},"5":{"start":{"line":18,"column":8},"end":{"line":18,"column":20}},"6":{"start":{"line":21,"column":28},"end":{"line":25,"column":6}},"7":{"start":{"line":27,"column":4},"end":{"line":41,"column":5}},"8":{"start":{"line":28,"column":29},"end":{"line":28,"column":57}},"9":{"start":{"line":29,"column":8},"end":{"line":29,"column":28}},"10":{"start":{"line":31,"column":8},"end":{"line":36,"column":9}},"11":{"start":{"line":32,"column":26},"end":{"line":32,"column":87}},"12":{"start":{"line":33,"column":12},"end":{"line":33,"column":35}},"13":{"start":{"line":34,"column":12},"end":{"line":34,"column":43}},"14":{"start":{"line":35,"column":12},"end":{"line":35,"column":24}},"15":{"start":{"line":37,"column":22},"end":{"line":37,"column":80}},"16":{"start":{"line":38,"column":8},"end":{"line":38,"column":31}},"17":{"start":{"line":39,"column":8},"end":{"line":39,"column":38}},"18":{"start":{"line":40,"column":8},"end":{"line":40,"column":20}},"19":{"start":{"line":51,"column":4},"end":{"line":60,"column":5}},"20":{"start":{"line":52,"column":24},"end":{"line":52,"column":57}},"21":{"start":{"line":53,"column":8},"end":{"line":53,"column":23}},"22":{"start":{"line":56,"column":22},"end":{"line":56,"column":76}},"23":{"start":{"line":57,"column":8},"end":{"line":57,"column":31}},"24":{"start":{"line":58,"column":8},"end":{"line":58,"column":38}},"25":{"start":{"line":59,"column":8},"end":{"line":59,"column":20}},"26":{"start":{"line":69,"column":4},"end":{"line":78,"column":5}},"27":{"start":{"line":70,"column":25},"end":{"line":70,"column":69}},"28":{"start":{"line":71,"column":8},"end":{"line":71,"column":24}},"29":{"start":{"line":74,"column":22},"end":{"line":74,"column":88}},"30":{"start":{"line":75,"column":8},"end":{"line":75,"column":31}},"31":{"start":{"line":76,"column":8},"end":{"line":76,"column":38}},"32":{"start":{"line":77,"column":8},"end":{"line":77,"column":20}},"33":{"start":{"line":81,"column":0},"end":{"line":85,"column":2}}},"fnMap":{"0":{"name":"createProduct","decl":{"start":{"line":12,"column":15},"end":{"line":12,"column":28}},"loc":{"start":{"line":12,"column":50},"end":{"line":42,"column":1}},"line":12},"1":{"name":"getProductById","decl":{"start":{"line":50,"column":15},"end":{"line":50,"column":29}},"loc":{"start":{"line":50,"column":41},"end":{"line":61,"column":1}},"line":50},"2":{"name":"getAllProducts","decl":{"start":{"line":68,"column":15},"end":{"line":68,"column":29}},"loc":{"start":{"line":68,"column":32},"end":{"line":79,"column":1}},"line":68}},"branchMap":{"0":{"loc":{"start":{"line":15,"column":4},"end":{"line":19,"column":5}},"type":"if","locations":[{"start":{"line":15,"column":4},"end":{"line":19,"column":5}},{"start":{},"end":{}}],"line":15},"1":{"loc":{"start":{"line":15,"column":8},"end":{"line":15,"column":66}},"type":"binary-expr","locations":[{"start":{"line":15,"column":8},"end":{"line":15,"column":14}},{"start":{"line":15,"column":18},"end":{"line":15,"column":43}},{"start":{"line":15,"column":47},"end":{"line":15,"column":66}}],"line":15},"2":{"loc":{"start":{"line":31,"column":8},"end":{"line":36,"column":9}},"type":"if","locations":[{"start":{"line":31,"column":8},"end":{"line":36,"column":9}},{"start":{},"end":{}}],"line":31}},"s":{"0":1,"1":6,"2":6,"3":2,"4":2,"5":2,"6":4,"7":4,"8":4,"9":2,"10":2,"11":1,"12":1,"13":1,"14":1,"15":1,"16":1,"17":1,"18":1,"19":4,"20":4,"21":3,"22":1,"23":1,"24":1,"25":1,"26":4,"27":4,"28":2,"29":2,"30":2,"31":2,"32":2,"33":1},"f":{"0":6,"1":4,"2":4},"b":{"0":[2,4],"1":[6,4,4],"2":[1,1]},"_coverageSchema":"1a1c01bbd47fc00a2c39e90264f33305004495a9","hash":"95204e423ff7e17d6b2f59b0df6df7f0d97d8cd3"}
,"C:\\Users\\Андрей\\Desktop\\project_new\\services\\userService.js": {"path":"C:\\Users\\Андрей\\Desktop\\project_new\\services\\userService.js","statementMap":{"0":{"start":{"line":2,"column":13},"end":{"line":2,"column":38}},"1":{"start":{"line":3,"column":25},"end":{"line":3,"column":58}},"2":{"start":{"line":6,"column":4},"end":{"line":8,"column":5}},"3":{"start":{"line":7,"column":8},"end":{"line":7,"column":20}},"4":{"start":{"line":9,"column":4},"end":{"line":17,"column":5}},"5":{"start":{"line":10,"column":8},"end":{"line":10,"column":48}},"6":{"start":{"line":13,"column":22},"end":{"line":13,"column":78}},"7":{"start":{"line":14,"column":8},"end":{"line":14,"column":31}},"8":{"start":{"line":15,"column":8},"end":{"line":15,"column":38}},"9":{"start":{"line":16,"column":8},"end":{"line":16,"column":20}},"10":{"start":{"line":21,"column":4},"end":{"line":24,"column":5}},"11":{"start":{"line":23,"column":8},"end":{"line":23,"column":20}},"12":{"start":{"line":25,"column":4},"end":{"line":38,"column":5}},"13":{"start":{"line":26,"column":24},"end":{"line":26,"column":26}},"14":{"start":{"line":27,"column":8},"end":{"line":27,"column":111}},"15":{"start":{"line":27,"column":82},"end":{"line":27,"column":109}},"16":{"start":{"line":28,"column":8},"end":{"line":28,"column":99}},"17":{"start":{"line":28,"column":73},"end":{"line":28,"column":97}},"18":{"start":{"line":29,"column":8},"end":{"line":29,"column":46}},"19":{"start":{"line":29,"column":34},"end":{"line":29,"column":46}},"20":{"start":{"line":31,"column":8},"end":{"line":31,"column":52}},"21":{"start":{"line":34,"column":22},"end":{"line":34,"column":80}},"22":{"start":{"line":35,"column":8},"end":{"line":35,"column":31}},"23":{"start":{"line":36,"column":8},"end":{"line":36,"column":38}},"24":{"start":{"line":37,"column":8},"end":{"line":37,"column":20}},"25":{"start":{"line":42,"column":4},"end":{"line":46,"column":5}},"26":{"start":{"line":43,"column":22},"end":{"line":43,"column":80}},"27":{"start":{"line":44,"column":8},"end":{"line":44,"column":31}},"28":{"start":{"line":45,"column":8},"end":{"line":45,"column":20}},"29":{"start":{"line":47,"column":27},"end":{"line":47,"column":55}},"30":{"start":{"line":48,"column":20},"end":{"line":48,"column":75}},"31":{"start":{"line":49,"column":4},"end":{"line":77,"column":5}},"32":{"start":{"line":50,"column":26},"end":{"line":50,"column":46}},"33":{"start":{"line":51,"column":8},"end":{"line":51,"column":25}},"34":{"start":{"line":53,"column":8},"end":{"line":64,"column":9}},"35":{"start":{"line":54,"column":26},"end":{"line":54,"column":65}},"36":{"start":{"line":55,"column":12},"end":{"line":58,"column":13}},"37":{"start":{"line":56,"column":38},"end":{"line":56,"column":68}},"38":{"start":{"line":57,"column":16},"end":{"line":57,"column":87}},"39":{"start":{"line":57,"column":37},"end":{"line":57,"column":85}},"40":{"start":{"line":59,"column":26},"end":{"line":59,"column":44}},"41":{"start":{"line":60,"column":12},"end":{"line":60,"column":35}},"42":{"start":{"line":61,"column":12},"end":{"line":61,"column":43}},"43":{"start":{"line":62,"column":12},"end":{"line":62,"column":42}},"44":{"start":{"line":63,"column":12},"end":{"line":63,"column":24}},"45":{"start":{"line":65,"column":8},"end":{"line":71,"column":9}},"46":{"start":{"line":66,"column":26},"end":{"line":66,"column":138}},"47":{"start":{"line":67,"column":26},"end":{"line":67,"column":84}},"48":{"start":{"line":68,"column":12},"end":{"line":68,"column":35}},"49":{"start":{"line":69,"column":12},"end":{"line":69,"column":42}},"50":{"start":{"line":70,"column":12},"end":{"line":70,"column":24}},"51":{"start":{"line":73,"column":22},"end":{"line":73,"column":82}},"52":{"start":{"line":74,"column":8},"end":{"line":74,"column":31}},"53":{"start":{"line":75,"column":8},"end":{"line":75,"column":38}},"54":{"start":{"line":76,"column":8},"end":{"line":76,"column":20}},"55":{"start":{"line":80,"column":0},"end":{"line":80,"column":70}}},"fnMap":{"0":{"name":"findUserByUsername","decl":{"start":{"line":5,"column":15},"end":{"line":5,"column":33}},"loc":{"start":{"line":5,"column":44},"end":{"line":18,"column":1}},"line":5},"1":{"name":"findExistingUser","decl":{"start":{"line":20,"column":15},"end":{"line":20,"column":31}},"loc":{"start":{"line":20,"column":49},"end":{"line":39,"column":1}},"line":20},"2":{"name":"createUser","decl":{"start":{"line":41,"column":15},"end":{"line":41,"column":25}},"loc":{"start":{"line":41,"column":57},"end":{"line":78,"column":1}},"line":41}},"branchMap":{"0":{"loc":{"start":{"line":6,"column":4},"end":{"line":8,"column":5}},"type":"if","locations":[{"start":{"line":6,"column":4},"end":{"line":8,"column":5}},{"start":{},"end":{}}],"line":6},"1":{"loc":{"start":{"line":6,"column":8},"end":{"line":6,"column":75}},"type":"binary-expr","locations":[{"start":{"line":6,"column":8},"end":{"line":6,"column":17}},{"start":{"line":6,"column":21},"end":{"line":6,"column":49}},{"start":{"line":6,"column":53},"end":{"line":6,"column":75}}],"line":6},"2":{"loc":{"start":{"line":21,"column":4},"end":{"line":24,"column":5}},"type":"if","locations":[{"start":{"line":21,"column":4},"end":{"line":24,"column":5}},{"start":{},"end":{}}],"line":21},"3":{"loc":{"start":{"line":21,"column":8},"end":{"line":22,"column":68}},"type":"binary-expr","locations":[{"start":{"line":21,"column":9},"end":{"line":21,"column":18}},{"start":{"line":21,"column":22},"end":{"line":21,"column":50}},{"start":{"line":21,"column":54},"end":{"line":21,"column":76}},{"start":{"line":22,"column":9},"end":{"line":22,"column":15}},{"start":{"line":22,"column":19},"end":{"line":22,"column":44}},{"start":{"line":22,"column":48},"end":{"line":22,"column":67}}],"line":21},"4":{"loc":{"start":{"line":27,"column":8},"end":{"line":27,"column":111}},"type":"if","locations":[{"start":{"line":27,"column":8},"end":{"line":27,"column":111}},{"start":{},"end":{}}],"line":27},"5":{"loc":{"start":{"line":27,"column":12},"end":{"line":27,"column":78}},"type":"binary-expr","locations":[{"start":{"line":27,"column":12},"end":{"line":27,"column":20}},{"start":{"line":27,"column":24},"end":{"line":27,"column":52}},{"start":{"line":27,"column":56},"end":{"line":27,"column":78}}],"line":27},"6":{"loc":{"start":{"line":28,"column":8},"end":{"line":28,"column":99}},"type":"if","locations":[{"start":{"line":28,"column":8},"end":{"line":28,"column":99}},{"start":{},"end":{}}],"line":28},"7":{"loc":{"start":{"line":28,"column":12},"end":{"line":28,"column":69}},"type":"binary-expr","locations":[{"start":{"line":28,"column":12},"end":{"line":28,"column":17}},{"start":{"line":28,"column":21},"end":{"line":28,"column":46}},{"start":{"line":28,"column":50},"end":{"line":28,"column":69}}],"line":28},"8":{"loc":{"start":{"line":29,"column":8},"end":{"line":29,"column":46}},"type":"if","locations":[{"start":{"line":29,"column":8},"end":{"line":29,"column":46}},{"start":{},"end":{}}],"line":29},"9":{"loc":{"start":{"line":42,"column":4},"end":{"line":46,"column":5}},"type":"if","locations":[{"start":{"line":42,"column":4},"end":{"line":46,"column":5}},{"start":{},"end":{}}],"line":42},"10":{"loc":{"start":{"line":42,"column":8},"end":{"line":42,"column":40}},"type":"binary-expr","locations":[{"start":{"line":42,"column":8},"end":{"line":42,"column":17}},{"start":{"line":42,"column":21},"end":{"line":42,"column":27}},{"start":{"line":42,"column":31},"end":{"line":42,"column":40}}],"line":42},"11":{"loc":{"start":{"line":53,"column":8},"end":{"line":64,"column":9}},"type":"if","locations":[{"start":{"line":53,"column":8},"end":{"line":64,"column":9}},{"start":{},"end":{}}],"line":53},"12":{"loc":{"start":{"line":55,"column":12},"end":{"line":58,"column":13}},"type":"if","locations":[{"start":{"line":55,"column":12},"end":{"line":58,"column":13}},{"start":{},"end":{}}],"line":55},"13":{"loc":{"start":{"line":57,"column":16},"end":{"line":57,"column":87}},"type":"if","locations":[{"start":{"line":57,"column":16},"end":{"line":57,"column":87}},{"start":{},"end":{}}],"line":57},"14":{"loc":{"start":{"line":65,"column":8},"end":{"line":71,"column":9}},"type":"if","locations":[{"start":{"line":65,"column":8},"end":{"line":71,"column":9}},{"start":{},"end":{}}],"line":65},"15":{"loc":{"start":{"line":65,"column":12},"end":{"line":65,"column":100}},"type":"binary-expr","locations":[{"start":{"line":65,"column":12},"end":{"line":65,"column":34}},{"start":{"line":65,"column":39},"end":{"line":65,"column":54}},{"start":{"line":65,"column":58},"end":{"line":65,"column":99}}],"line":65},"16":{"loc":{"start":{"line":66,"column":26},"end":{"line":66,"column":138}},"type":"cond-expr","locations":[{"start":{"line":66,"column":65},"end":{"line":66,"column":83}},{"start":{"line":66,"column":86},"end":{"line":66,"column":138}}],"line":66},"17":{"loc":{"start":{"line":66,"column":86},"end":{"line":66,"column":138}},"type":"cond-expr","locations":[{"start":{"line":66,"column":122},"end":{"line":66,"column":129}},{"start":{"line":66,"column":132},"end":{"line":66,"column":138}}],"line":66}},"s":{"0":1,"1":1,"2":6,"3":3,"4":3,"5":3,"6":1,"7":1,"8":1,"9":1,"10":6,"11":1,"12":5,"13":5,"14":5,"15":4,"16":5,"17":4,"18":5,"19":0,"20":5,"21":1,"22":1,"23":1,"24":1,"25":6,"26":1,"27":1,"28":1,"29":5,"30":5,"31":5,"32":5,"33":1,"34":4,"35":1,"36":1,"37":1,"38":1,"39":1,"40":1,"41":1,"42":1,"43":1,"44":1,"45":3,"46":2,"47":2,"48":2,"49":2,"50":2,"51":1,"52":1,"53":1,"54":1,"55":1},"f":{"0":6,"1":6,"2":6},"b":{"0":[3,3],"1":[6,3,3],"2":[1,5],"3":[6,4,4,2,1,1],"4":[4,1],"5":[5,4,4],"6":[4,1],"7":[5,4,4],"8":[0,5],"9":[1,5],"10":[6,6,6],"11":[1,3],"12":[1,0],"13":[1,0],"14":[2,1],"15":[3,2,2],"16":[1,1],"17":[1,0]},"_coverageSchema":"1a1c01bbd47fc00a2c39e90264f33305004495a9","hash":"0b4bc872575a879e7fac39c00cfdcde97f3a539e"}
,"C:\\Users\\Андрей\\Desktop\\project_new\\utils\\passwordUtils.js": {"path":"C:\\Users\\Андрей\\Desktop\\project_new\\utils\\passwordUtils.js","statementMap":{"0":{"start":{"line":1,"column":15},"end":{"line":1,"column":34}},"1":{"start":{"line":3,"column":20},"end":{"line":3,"column":22}},"2":{"start":{"line":11,"column":4},"end":{"line":13,"column":5}},"3":{"start":{"line":12,"column":8},"end":{"line":12,"column":52}},"4":{"start":{"line":14,"column":4},"end":{"line":14,"column":57}},"5":{"start":{"line":24,"column":4},"end":{"line":27,"column":5}},"6":{"start":{"line":26,"column":8},"end":{"line":26,"column":21}},"7":{"start":{"line":28,"column":4},"end":{"line":28,"column":63}},"8":{"start":{"line":31,"column":0},"end":{"line":34,"column":2}}},"fnMap":{"0":{"name":"hashPassword","decl":{"start":{"line":10,"column":15},"end":{"line":10,"column":27}},"loc":{"start":{"line":10,"column":43},"end":{"line":15,"column":1}},"line":10},"1":{"name":"comparePasswords","decl":{"start":{"line":23,"column":15},"end":{"line":23,"column":31}},"loc":{"start":{"line":23,"column":63},"end":{"line":29,"column":1}},"line":23}},"branchMap":{"0":{"loc":{"start":{"line":11,"column":4},"end":{"line":13,"column":5}},"type":"if","locations":[{"start":{"line":11,"column":4},"end":{"line":13,"column":5}},{"start":{},"end":{}}],"line":11},"1":{"loc":{"start":{"line":24,"column":4},"end":{"line":27,"column":5}},"type":"if","locations":[{"start":{"line":24,"column":4},"end":{"line":27,"column":5}},{"start":{},"end":{}}],"line":24},"2":{"loc":{"start":{"line":24,"column":8},"end":{"line":24,"column":41}},"type":"binary-expr","locations":[{"start":{"line":24,"column":8},"end":{"line":24,"column":22}},{"start":{"line":24,"column":26},"end":{"line":24,"column":41}}],"line":24}},"s":{"0":2,"1":2,"2":5,"3":3,"4":2,"5":8,"6":6,"7":2,"8":2},"f":{"0":5,"1":8},"b":{"0":[3,2],"1":[6,2],"2":[8,5]},"_coverageSchema":"1a1c01bbd47fc00a2c39e90264f33305004495a9","hash":"99e3409676f6fd9fd75a2017137a1fad8b8a604c"}
}
