TN:
SF:models\Product.js
FNF:0
FNH:0
DA:1,1
DA:3,1
DA:23,1
DA:25,1
DA:26,1
LF:5
LH:5
BRF:0
BRH:0
end_of_record
TN:
SF:models\User.js
FNF:0
FNH:0
DA:1,1
DA:3,1
DA:25,1
LF:3
LH:3
BRF:0
BRH:0
end_of_record
TN:
SF:services\productService.js
FN:12,createProduct
FN:50,getProductById
FN:68,getAllProducts
FNF:3
FNH:3
FNDA:6,createProduct
FNDA:4,getProductById
FNDA:4,getAllProducts
DA:1,1
DA:13,6
DA:15,6
DA:16,2
DA:17,2
DA:18,2
DA:21,4
DA:27,4
DA:28,4
DA:29,2
DA:31,2
DA:32,1
DA:33,1
DA:34,1
DA:35,1
DA:37,1
DA:38,1
DA:39,1
DA:40,1
DA:51,4
DA:52,4
DA:53,3
DA:56,1
DA:57,1
DA:58,1
DA:59,1
DA:69,4
DA:70,4
DA:71,2
DA:74,2
DA:75,2
DA:76,2
DA:77,2
DA:81,1
LF:34
LH:34
BRDA:15,0,0,2
BRDA:15,0,1,4
BRDA:15,1,0,6
BRDA:15,1,1,4
BRDA:15,1,2,4
BRDA:31,2,0,1
BRDA:31,2,1,1
BRF:7
BRH:7
end_of_record
TN:
SF:services\userService.js
FN:5,findUserByUsername
FN:20,findExistingUser
FN:41,createUser
FNF:3
FNH:3
FNDA:6,findUserByUsername
FNDA:6,findExistingUser
FNDA:6,createUser
DA:2,1
DA:3,1
DA:6,6
DA:7,3
DA:9,3
DA:10,3
DA:13,1
DA:14,1
DA:15,1
DA:16,1
DA:21,6
DA:23,1
DA:25,5
DA:26,5
DA:27,5
DA:28,5
DA:29,5
DA:31,5
DA:34,1
DA:35,1
DA:36,1
DA:37,1
DA:42,6
DA:43,1
DA:44,1
DA:45,1
DA:47,5
DA:48,5
DA:49,5
DA:50,5
DA:51,1
DA:53,4
DA:54,1
DA:55,1
DA:56,1
DA:57,1
DA:59,1
DA:60,1
DA:61,1
DA:62,1
DA:63,1
DA:65,3
DA:66,2
DA:67,2
DA:68,2
DA:69,2
DA:70,2
DA:73,1
DA:74,1
DA:75,1
DA:76,1
DA:80,1
LF:52
LH:52
BRDA:6,0,0,3
BRDA:6,0,1,3
BRDA:6,1,0,6
BRDA:6,1,1,3
BRDA:6,1,2,3
BRDA:21,2,0,1
BRDA:21,2,1,5
BRDA:21,3,0,6
BRDA:21,3,1,4
BRDA:21,3,2,4
BRDA:21,3,3,2
BRDA:21,3,4,1
BRDA:21,3,5,1
BRDA:27,4,0,4
BRDA:27,4,1,1
BRDA:27,5,0,5
BRDA:27,5,1,4
BRDA:27,5,2,4
BRDA:28,6,0,4
BRDA:28,6,1,1
BRDA:28,7,0,5
BRDA:28,7,1,4
BRDA:28,7,2,4
BRDA:29,8,0,0
BRDA:29,8,1,5
BRDA:42,9,0,1
BRDA:42,9,1,5
BRDA:42,10,0,6
BRDA:42,10,1,6
BRDA:42,10,2,6
BRDA:53,11,0,1
BRDA:53,11,1,3
BRDA:55,12,0,1
BRDA:55,12,1,0
BRDA:57,13,0,1
BRDA:57,13,1,0
BRDA:65,14,0,2
BRDA:65,14,1,1
BRDA:65,15,0,3
BRDA:65,15,1,2
BRDA:65,15,2,2
BRDA:66,16,0,1
BRDA:66,16,1,1
BRDA:66,17,0,1
BRDA:66,17,1,0
BRF:45
BRH:41
end_of_record
TN:
SF:utils\passwordUtils.js
FN:10,hashPassword
FN:23,comparePasswords
FNF:2
FNH:2
FNDA:5,hashPassword
FNDA:8,comparePasswords
DA:1,2
DA:3,2
DA:11,5
DA:12,3
DA:14,2
DA:24,8
DA:26,6
DA:28,2
DA:31,2
LF:9
LH:9
BRDA:11,0,0,3
BRDA:11,0,1,2
BRDA:24,1,0,6
BRDA:24,1,1,2
BRDA:24,2,0,8
BRDA:24,2,1,5
BRF:6
BRH:6
end_of_record
